http://monorainbows.tumblr.com/rss
http://er0.tumblr.com/rss
http://sukoyaka.tumblr.com/rss
http://feeds2.feedburner.com/Hibeauty
http://kawaiii.tumblr.com/rss
http://secretinnocence.feedphoenix.com/secretinnocence
http://tback.tumblr.com/rss
http://unpoco.tumblr.com/rss
http://idol2u.tumblr.com/rss
http://curvature.tumblr.com/rss
http://nico2.tumblr.com/rss
http://fulljav.tumblr.com/rss
http://cosplay.tumblr.com/rss
http://snusk.tumblr.com/rss
http://mrmt.tumblr.com/rss
http://realprincess.tumblr.com/rss
http://thingsthatexciteme.tumblr.com/rss
http://knee-socks.tumblr.com/rss
http://asianmoviesuperstar.blogspot.com/feeds/posts/default
http://badmanbadplace.tumblr.com/rss
http://cloaked.tumblr.com/rss
http://feeds.feedburner.com/hotjav
http://www.khikhicuoi.us/feeds/posts/default
http://jappydolls.net/feed
http://feeds.feedburner.com/iwjav
http://feeds.feedburner.com/ReallyCuteAsians
http://mao.s151.xrea.com/tumbrowser/index.xml
http://peixebanana.tumblr.com/rss
http://bedtime.tumblr.com/rss
http://oio.tumblr.com/rss
http://max07min.tumblr.com/rss
http://kink.tumblr.com/rss
http://feeds2.feedburner.com/UrixTumblr
http://onehandedtypist.tumblr.com/rss
http://tush.tumblr.com/rss
http://twervert.tumblr.com/rss